d:\mycompany_here\mygame\proj.win32\release.win32\appdelegate.obj
d:\mycompany_here\mygame\proj.win32\release.win32\main.obj
d:\mycompany_here\mygame\proj.win32\release.win32\helloworldscene.obj
d:\mycompany_here\mygame\proj.win32\release.win32\passpage.obj
d:\mycompany_here\mygame\proj.win32\release.win32\cardsprite.obj
d:\mycompany_here\mygame\proj.win32\release.win32\poemindex.obj
d:\mycompany_here\mygame\proj.win32\release.win32\gametimer.obj
d:\mycompany_here\mygame\proj.win32\release.win32\poemsbox.obj
d:\mycompany_here\mygame\proj.win32\release.win32\idea.obj
d:\mycompany_here\mygame\proj.win32\release.win32\vc141.pdb
d:\mycompany_here\mygame\proj.win32\release.win32\gamelogin.obj
d:\mycompany_here\mygame\proj.win32\mygame.cab
d:\mycompany_here\mygame\proj.win32\release.win32\mygame.exe
d:\mycompany_here\mygame\proj.win32\release.win32\mygame.pdb
d:\mycompany_here\mygame\proj.win32\release.win32\mygame.lib
d:\mycompany_here\mygame\proj.win32\release.win32\mygame.exp
d:\mycompany_here\mygame\proj.win32\release.win32\mygame.ipdb
d:\mycompany_here\mygame\proj.win32\release.win32\mygame.iobj
d:\mycompany_here\mygame\proj.win32\release.win32\game.res
d:\mycompany_here\mygame\proj.win32\release.win32\libcocos2d.exp
d:\mycompany_here\mygame\proj.win32\release.win32\libcocos2d.pdb
d:\mycompany_here\mygame\proj.win32\release.win32\mygame.tlog\cl.command.1.tlog
d:\mycompany_here\mygame\proj.win32\release.win32\mygame.tlog\cl.read.1.tlog
d:\mycompany_here\mygame\proj.win32\release.win32\mygame.tlog\cl.write.1.tlog
d:\mycompany_here\mygame\proj.win32\release.win32\mygame.tlog\custombuildstep.read.1u.tlog
d:\mycompany_here\mygame\proj.win32\release.win32\mygame.tlog\custombuildstep.write.1u.tlog
d:\mycompany_here\mygame\proj.win32\release.win32\mygame.tlog\link.command.1.tlog
d:\mycompany_here\mygame\proj.win32\release.win32\mygame.tlog\link.read.1.tlog
d:\mycompany_here\mygame\proj.win32\release.win32\mygame.tlog\link.write.1.tlog
d:\mycompany_here\mygame\proj.win32\release.win32\mygame.tlog\mygame.write.1u.tlog
d:\mycompany_here\mygame\proj.win32\release.win32\mygame.tlog\rc.command.1.tlog
d:\mycompany_here\mygame\proj.win32\release.win32\mygame.tlog\rc.read.1.tlog
d:\mycompany_here\mygame\proj.win32\release.win32\mygame.tlog\rc.write.1.tlog
